<?xml version="1.0" encoding="UTF-8"?>
<!--

 Copyright 2006 (C) The original author or authors

 Licensed under the Apache License, Version 2.0 (the "License");
 you may not use this file except in compliance with the License.
 You may obtain a copy of the License at

     http://www.apache.org/licenses/LICENSE-2.0

 Unless required by applicable law or agreed to in writing, software
 distributed under the License is distributed on an "AS IS" BASIS,
 WITHOUT WARRANTIES OR CONDITIONS OF ANY KIND, either express or implied.
 See the License for the specific language governing permissions and
 limitations under the License.

-->
<beans xmlns:s="http://xbean.apache.org/schemas/server"
       xmlns:lt="http://livetribe.org/schemas/server">

    <bean id="propertyPlaceholderConfigurer"
          class="org.springframework.beans.factory.config.PropertyPlaceholderConfigurer"/>

    <s:kernel-main name="main" kernel="#kernel" daemon="false">
        <property name="services">
            <map>
                <entry key="FileSystemRepository" value-ref="repository"/>
            </map>
        </property>
        <s:next>
            <s:load-all-main kernel="#kernel"/>
        </s:next>
    </s:kernel-main>

    <bean name="kernelFactory" class="org.apache.xbean.kernel.KernelFactory" factory-method="newInstance"/>

    <bean name="kernel" factory-bean="kernelFactory" factory-method="createKernel">
        <constructor-arg index="0" value="xbean"/>
    </bean>

    <s:file-system-repository id="repository" root="src/test/repository"/>

    <lt:isolating-file-deployer baseDir="src/test/repository" kernel="#kernel">
        
        <s:xmlPreprocessors>
            <s:class-loader-xml-preprocessor repository="#repository"/>
        </s:xmlPreprocessors>

        <s:beanFactoryPostProcessors>
            <bean class="org.springframework.beans.factory.config.PropertyPlaceholderConfigurer"/>
        </s:beanFactoryPostProcessors>

    </lt:isolating-file-deployer>

</beans>
